[vavaacademy.com/index.html]
[backblue.gif]
[fade.gif]
[index.html]
[cdn.jsdelivr.net/npm/swiper@11/swiper-bundle.min.css]
[vavaacademy.com/css/index.css]
[kit.fontawesome.com/40e1b7901b.js]
[vavaacademy.com/assets/shortcutvava 1.png]
[unpkg.com/aos@2.3.1/dist/aos.css]
[vavaacademy.com/sitemap.xml]
[vavaacademy.com/assets/preloadervava.webp]
[vavaacademy.com/assets/Vava Academy [letreiro].webp]
[vavaacademy.com/assets/sublinhado (1).svg]
[vavaacademy.com/assets/home desktop medio.mp4]
[vavaacademy.com/assets/3d home cell.mp4]
[vavaacademy.com/assets/V VAVA gradiente.png]
[vavaacademy.com/assets/V3 Pixação.webp]
[vavaacademy.com/assets/agentes/ASTRA.webp]
[vavaacademy.com/assets/agentes/breach.webp]
[vavaacademy.com/assets/agentes/BRIM.webp]
[vavaacademy.com/assets/agentes/cypher.webp]
[vavaacademy.com/assets/agentes/chamber.webp]
[vavaacademy.com/assets/agentes/deadlock.webp]
[vavaacademy.com/assets/agentes/fade.webp]
[vavaacademy.com/assets/agentes/gekko.webp]
[vavaacademy.com/assets/agentes/HARBOR.webp]
[vavaacademy.com/assets/agentes/killjoy.webp]
[vavaacademy.com/assets/agentes/JETT.webp]
[vavaacademy.com/assets/icones/academy.png]
[vavaacademy.com/assets/icones/mapas.png]
[vavaacademy.com/assets/icones/agentes.png]
[vavaacademy.com/assets/icones/radiante.png]
[vavaacademy.com/assets/agentes/kayo.webp]
[vavaacademy.com/assets/agentes/NEON.webp]
[vavaacademy.com/assets/agentes/OMEN.webp]
[vavaacademy.com/assets/agentes/PHOENIX.webp]
[vavaacademy.com/assets/agentes/REYNA.webp]
[vavaacademy.com/assets/agentes/RAZE.webp]
[vavaacademy.com/assets/agentes/sage.webp]
[vavaacademy.com/assets/agentes/skye.webp]
[vavaacademy.com/assets/agentes/sova.webp]
[vavaacademy.com/assets/agentes/VIPER.webp]
[vavaacademy.com/assets/agentes/YORU.webp]
[vavaacademy.com/assets/alunos/Brutal - Sova (Bahia).webp]
[vavaacademy.com/assets/alunos perfil/brutal.avif]
[vavaacademy.com/assets/ranks/Platinum_1_Rank.webp]
[vavaacademy.com/assets/ranks/Immortal_2_Rank.webp]
[vavaacademy.com/assets/alunos/Coutinho - KillJoy (RJ).webp]
[vavaacademy.com/assets/alunos perfil/coutinho.avif]
[vavaacademy.com/assets/ranks/Platinum_2_Rank.webp]
[vavaacademy.com/assets/ranks/Immortal_3_Rank.webp]
[vavaacademy.com/assets/alunos/Gz - Jett (Sulista).webp]
[vavaacademy.com/assets/alunos perfil/tornado.avif]
[vavaacademy.com/assets/ranks/Diamond_1_Rank.webp]
[vavaacademy.com/assets/alunos/Hydralk - Astra (Curitiba).webp]
[vavaacademy.com/assets/alunos perfil/hydralk.avif]
[vavaacademy.com/assets/ranks/Iron_1_Rank.webp]
[vavaacademy.com/assets/ranks/Diamond_3_Rank.webp]
[vavaacademy.com/assets/alunos/Mascaro - Cypher (SP).webp]
[vavaacademy.com/assets/alunos perfil/mascaro.avif]
[vavaacademy.com/assets/ranks/Ascendant_3_Rank.webp]
[vavaacademy.com/assets/alunos/Ricardin - Skye (SP - Zone Leste).webp]
[vavaacademy.com/assets/alunos perfil/ricardin.avif]
[vavaacademy.com/assets/ranks/Silver_1_Rank.webp]
[vavaacademy.com/assets/ranks/Immortal_1_Rank.webp]
[vavaacademy.com/assets/alunos/Rizzato - Reyna (Floripa).webp]
[vavaacademy.com/assets/alunos perfil/rizzato.avif]
[vavaacademy.com/assets/ranks/Radiant_Rank.webp]
[vavaacademy.com/assets/alunos/Sensassão - Neon (SP - Zona Sul).webp]
[vavaacademy.com/assets/alunos perfil/sansao.avif]
[vavaacademy.com/assets/alunos/Soares - Iso (DF).webp]
[vavaacademy.com/assets/alunos perfil/soares.avif]
[vavaacademy.com/assets/alunos/Zerow - Raze (Bahia).webp]
[vavaacademy.com/assets/alunos perfil/zerow.avif]
[vavaacademy.com/assets/ranks/Gold_3_Rank.webp]
[vavaacademy.com/assets/V1 Pixação.48.delayed]
[vavaacademy.com/assets/grafite vava.webp]
[vavaacademy.com/assets/LOOP (1).mp4]
[vavaacademy.com/assets/anual grafite.png]
[vavaacademy.com/assets/V4 bw Grafite.webp]
[vavaacademy.com/assets/Vava Academy vs Neverest (1).webm]
[unpkg.com/aos@2.3.1/dist/aos.js]
[cdn.jsdelivr.net/npm/swiper@11/swiper-bundle.min.js]
[unpkg.com/ionicons@7.1.0/dist/ionicons/ionicons.esm.js]
[unpkg.com/ionicons@7.1.0/dist/ionicons/ionicons.js]
[vavaacademy.com/script.js]
[vavaacademy.com/index.html]
[vavaacademy.com/assets/V3 Pixação.html]
[vavaacademy.com/assets/alunos/Sensassão - Neon (SP - Zona Sul).html]
[vavaacademy.com/assets/V1 Pixação.html]
[cdn.jsdelivr.net/npm/swiper@11/swiper-bundle.min.css]
[vavaacademy.com/css/global.css]
[vavaacademy.com/assets/Vava Academy [letreiro].webp]
[vavaacademy.com/sitemap.xml]
[vavaacademy.com/assets/preloadervava.webp]
[vavaacademy.com/assets/shortcutvava 1.png]
[vavaacademy.com/css/navigation.css]
[vavaacademy.com/assets/home desktop medio.mp4]
[vavaacademy.com/css/home.css]
[vavaacademy.com/assets/3d home cell.mp4]
[vavaacademy.com/assets/V VAVA gradiente.png]
[vavaacademy.com/css/sectionSlide.css]
[vavaacademy.com/css/sectionSlidePodPah.css]
[vavaacademy.com/assets/agentes/ASTRA.webp]
[vavaacademy.com/css/sectionVideo.css]
[vavaacademy.com/css/sectionModulos.css]
[vavaacademy.com/css/sectionDepoimentos.css]
[vavaacademy.com/assets/agentes/breach.webp]
[vavaacademy.com/assets/agentes/BRIM.webp]
[vavaacademy.com/css/sectionAnimacao.css]
[vavaacademy.com/assets/agentes/cypher.webp]
[vavaacademy.com/assets/agentes/chamber.webp]
[vavaacademy.com/assets/agentes/deadlock.webp]
[vavaacademy.com/assets/agentes/gekko.webp]
[vavaacademy.com/assets/agentes/HARBOR.webp]
[vavaacademy.com/css/sectionVideoDois.css]
[vavaacademy.com/assets/agentes/killjoy.webp]
[vavaacademy.com/css/sectionPlano.css]
[vavaacademy.com/assets/agentes/JETT.webp]
[vavaacademy.com/assets/icones/academy.png]
[vavaacademy.com/assets/icones/mapas.png]
[vavaacademy.com/assets/icones/agentes.png]
[vavaacademy.com/assets/icones/radiante.png]
[vavaacademy.com/css/sectionFaq.css]
[vavaacademy.com/assets/agentes/kayo.webp]
[vavaacademy.com/css/footer.css]
[vavaacademy.com/assets/agentes/NEON.webp]
[vavaacademy.com/css/author.css]
[vavaacademy.com/assets/agentes/OMEN.webp]
[vavaacademy.com/assets/agentes/PHOENIX.webp]
[vavaacademy.com/assets/agentes/REYNA.webp]
[vavaacademy.com/css/preloader.css]
[vavaacademy.com/assets/agentes/RAZE.webp]
[vavaacademy.com/assets/agentes/sage.webp]
[vavaacademy.com/assets/agentes/skye.webp]
[vavaacademy.com/assets/agentes/sova.webp]
[vavaacademy.com/assets/agentes/VIPER.webp]
[vavaacademy.com/assets/alunos/Brutal - Sova (Bahia).webp]
[vavaacademy.com/assets/agentes/YORU.webp]
[vavaacademy.com/css/lines.css]
[vavaacademy.com/css/index.css]
[unpkg.com/aos@2.3.1/dist/aos.css]
[vavaacademy.com/assets/sublinhado (1).svg]
[vavaacademy.com/assets/ranks/Platinum_1_Rank.webp]
[vavaacademy.com/assets/ranks/Immortal_3_Rank.webp]
[vavaacademy.com/assets/ranks/Immortal_2_Rank.webp]
[vavaacademy.com/assets/alunos/Coutinho - KillJoy (RJ).webp]
[vavaacademy.com/assets/alunos perfil/coutinho.avif]
[vavaacademy.com/assets/ranks/Platinum_2_Rank.webp]
[vavaacademy.com/assets/V3 Pixação.html]
[vavaacademy.com/assets/alunos perfil/tornado.avif]
[vavaacademy.com/assets/agentes/fade.webp]
[vavaacademy.com/assets/ranks/Diamond_1_Rank.webp]
[vavaacademy.com/assets/alunos/Hydralk - Astra (Curitiba).webp]
[vavaacademy.com/assets/agentes/fade.webp]
[vavaacademy.com/assets/alunos perfil/hydralk.avif]
[vavaacademy.com/assets/alunos/Gz - Jett (Sulista).webp]
[vavaacademy.com/assets/ranks/Iron_1_Rank.webp]
[vavaacademy.com/assets/ranks/Diamond_3_Rank.webp]
[vavaacademy.com/assets/alunos/Mascaro - Cypher (SP).webp]
[vavaacademy.com/assets/ranks/Ascendant_3_Rank.webp]
[vavaacademy.com/assets/alunos/Ricardin - Skye (SP - Zone Leste).webp]
[vavaacademy.com/assets/alunos perfil/ricardin.avif]
[vavaacademy.com/assets/alunos/Sensassão - Neon (SP - Zona Sul).html]
[vavaacademy.com/assets/alunos perfil/sansao.avif]
[vavaacademy.com/assets/alunos/Soares - Iso (DF).webp]
[vavaacademy.com/assets/alunos perfil/zerow.avif]
[vavaacademy.com/assets/ranks/Gold_3_Rank.webp]
[vavaacademy.com/assets/alunos perfil/zerow.avif]
[vavaacademy.com/assets/V1 Pixação.html]
[vavaacademy.com/script.js]
[vavaacademy.com/assets/Vava Academy vs Neverest (1).webm]
[vavaacademy.com/assets/grafite vava.webp]
[vavaacademy.com/fonts/AlternateGotNo3D.62.delayed]
[vavaacademy.com/assets/alunos perfil/brutal.avif]
[vavaacademy.com/fonts/Inter-V.ttf]
[vavaacademy.com/fonts/Korataki.64.delayed]
[vavaacademy.com/fonts/Tobec___.ttf]
[vavaacademy.com/css/global.css]
[vavaacademy.com/css/navigation.css]
[vavaacademy.com/css/home.css]
[vavaacademy.com/css/sectionSlide.css]
[vavaacademy.com/css/sectionSlidePodPah.css]
[vavaacademy.com/css/sectionVideo.css]
[vavaacademy.com/css/sectionModulos.css]
[vavaacademy.com/css/sectionDepoimentos.css]
[vavaacademy.com/css/sectionAnimacao.css]
[vavaacademy.com/css/sectionVideoDois.css]
[vavaacademy.com/css/sectionPlano.css]
[vavaacademy.com/css/sectionFaq.css]
[vavaacademy.com/assets/CURSOR]
[vavaacademy.com/css/footer.css]
[vavaacademy.com/css/author.css]
[vavaacademy.com/css/preloader.css]
[vavaacademy.com/css/lines.css]
[vavaacademy.com/fonts/AlternateGotNo3D.html]
[vavaacademy.com/fonts/Korataki.html]
[vavaacademy.com/assets/CURSOR.html]
